<?xml version="1.0" encoding="UTF-8"?>
<!-- Generated by org.testng.reporters.JUnitReportReporter -->
<testsuite hostname="DESKTOP-BNFQ1QS" failures="0" tests="10" name="com.harman.test.LoginUserInterfaceTest" time="0.032" errors="0" timestamp="2022-04-20T10:26:04 IST" skipped="0">
  <testcase classname="com.harman.test.LoginUserInterfaceTest" name="validateTitleTest" time="0.002"/>
  <system-out/>
  <testcase classname="com.harman.test.LoginUserInterfaceTest" name="validateTitleTest" time="0.002"/>
  <system-out/>
  <testcase classname="com.harman.test.LoginUserInterfaceTest" name="validateTitleTest" time="0.002"/>
  <system-out/>
  <testcase classname="com.harman.test.LoginUserInterfaceTest" name="validateTitleTest" time="0.003"/>
  <system-out/>
  <testcase classname="com.harman.test.LoginUserInterfaceTest" name="validateTitleTest" time="0.002"/>
  <system-out/>
  <testcase classname="com.harman.test.LoginUserInterfaceTest" name="validateTitleTest" time="0.014"/>
  <system-out/>
  <testcase classname="com.harman.test.LoginUserInterfaceTest" name="validateTitleTest" time="0.001"/>
  <system-out/>
  <testcase classname="com.harman.test.LoginUserInterfaceTest" name="validateTitleTest" time="0.003"/>
  <system-out/>
  <testcase classname="com.harman.test.LoginUserInterfaceTest" name="validateTitleTest" time="0.001"/>
  <system-out/>
  <testcase classname="com.harman.test.LoginUserInterfaceTest" name="validateTitleTest" time="0.002"/>
  <system-out/>
</testsuite> <!-- com.harman.test.LoginUserInterfaceTest -->
